<?xml version="1.0" encoding="UTF-8"?>
<testng-results ignored="0" total="3" passed="3" failed="0" skipped="0">
  <reporter-output>
  </reporter-output>
  <suite started-at="2023-12-18T17:13:07 IST" name="Default suite" finished-at="2023-12-18T17:13:43 IST" duration-ms="36895">
    <groups>
      <group name="cucumber">
        <method signature="AbstractTestNGCucumberTests.runScenario(io.cucumber.testng.PickleWrapper,io.cucumber.testng.FeatureWrapper)[pri:0, instance:Test_Runner.Test_Runner@1d296da]" name="runScenario" class="io.cucumber.testng.AbstractTestNGCucumberTests"/>
      </group> <!-- cucumber -->
    </groups>
    <test started-at="2023-12-18T17:13:07 IST" name="Default test" finished-at="2023-12-18T17:13:43 IST" duration-ms="36895">
      <class name="Test_Runner.Test_Runner">
        <test-method is-config="true" signature="setUpClass()[pri:0, instance:Test_Runner.Test_Runner@1d296da]" started-at="2023-12-18T17:13:07 IST" name="setUpClass" finished-at="2023-12-18T17:13:07 IST" duration-ms="587" status="PASS">
          <reporter-output>
          </reporter-output>
        </test-method> <!-- setUpClass -->
        <test-method signature="runScenario(io.cucumber.testng.PickleWrapper,io.cucumber.testng.FeatureWrapper)[pri:0, instance:Test_Runner.Test_Runner@1d296da]" started-at="2023-12-18T17:13:07 IST" name="runScenario" description="Runs Cucumber Scenarios" data-provider="scenarios" finished-at="2023-12-18T17:13:16 IST" duration-ms="9013" status="PASS">
          <params>
            <param index="0">
              <value>
                <![CDATA["User Able To SignUp The baisacrafts Application"]]>
              </value>
            </param>
            <param index="1">
              <value>
                <![CDATA["Optional[Baisacrafts SignUp Fuctionality]"]]>
              </value>
            </param>
          </params>
          <reporter-output>
          </reporter-output>
        </test-method> <!-- runScenario -->
        <test-method signature="runScenario(io.cucumber.testng.PickleWrapper,io.cucumber.testng.FeatureWrapper)[pri:0, instance:Test_Runner.Test_Runner@1d296da]" started-at="2023-12-18T17:13:16 IST" name="runScenario" description="Runs Cucumber Scenarios" data-provider="scenarios" finished-at="2023-12-18T17:13:30 IST" duration-ms="13791" status="PASS">
          <params>
            <param index="0">
              <value>
                <![CDATA["User Able To Add New Arraivels Product To The Shooping Bage"]]>
              </value>
            </param>
            <param index="1">
              <value>
                <![CDATA["Optional[New Arrivales Product AddToCart]"]]>
              </value>
            </param>
          </params>
          <reporter-output>
          </reporter-output>
        </test-method> <!-- runScenario -->
        <test-method signature="runScenario(io.cucumber.testng.PickleWrapper,io.cucumber.testng.FeatureWrapper)[pri:0, instance:Test_Runner.Test_Runner@1d296da]" started-at="2023-12-18T17:13:30 IST" name="runScenario" description="Runs Cucumber Scenarios" data-provider="scenarios" finished-at="2023-12-18T17:13:42 IST" duration-ms="11857" status="PASS">
          <params>
            <param index="0">
              <value>
                <![CDATA["User Able To Add Shop Product To The Cart Page"]]>
              </value>
            </param>
            <param index="1">
              <value>
                <![CDATA["Optional[Shop Product AddTo Cart Functionality]"]]>
              </value>
            </param>
          </params>
          <reporter-output>
          </reporter-output>
        </test-method> <!-- runScenario -->
        <test-method is-config="true" signature="tearDownClass()[pri:0, instance:Test_Runner.Test_Runner@1d296da]" started-at="2023-12-18T17:13:42 IST" name="tearDownClass" finished-at="2023-12-18T17:13:43 IST" duration-ms="1589" status="PASS">
          <reporter-output>
          </reporter-output>
        </test-method> <!-- tearDownClass -->
      </class> <!-- Test_Runner.Test_Runner -->
    </test> <!-- Default test -->
  </suite> <!-- Default suite -->
</testng-results>
